[1018/215311.213:ERROR:component_installer.cc(298)] Failed to verify installation for Widevine Content Decryption Module (C:\Users\fausa\AppData\Local\CEF\User Data\WidevineCdm\4.10.2557.0).: El sistema no puede encontrar la ruta especificada. (0x3)
[1018/215312.943:INFO:CONSOLE(21172)] "THREE.WebGLRenderer 92", source: file:///C:/Program%20Files/AnyLogic%208.8%20University/plugins/com.anylogic.graphics3d_8.8.4.202307181718/static/build/three.js (21172)
[1018/215313.818:INFO:CONSOLE(3660)] "THREE.ColladaLoader: File version 1.4.1", source: file:///C:/Program%20Files/AnyLogic%208.8%20University/plugins/com.anylogic.graphics3d_8.8.4.202307181718/static/libs/ColladaLoader.js (3660)
[1018/215314.072:INFO:CONSOLE(255)] "Loaded: file:C:/Users/fausa/Downloads/Anylogic-Models-master/Anylogic-Models-master/Resto-Base/Resto-Base/3d/sombrilla2.dae", source: file:///C:/Program%20Files/AnyLogic%208.8%20University/plugins/com.anylogic.graphics3d_8.8.4.202307181718/static/init.js (255)
[1018/215314.073:INFO:CONSOLE(271)] "load end: file:C:/Users/fausa/Downloads/Anylogic-Models-master/Anylogic-Models-master/Resto-Base/Resto-Base/3d/sombrilla2.dae", source: file:///C:/Program%20Files/AnyLogic%208.8%20University/plugins/com.anylogic.graphics3d_8.8.4.202307181718/static/init.js (271)
[1018/215314.316:INFO:CONSOLE(19709)] "THREE.WebGLRenderer: image is not power of two (690x500). Resized to 512x256 [object HTMLImageElement]", source: file:///C:/Program%20Files/AnyLogic%208.8%20University/plugins/com.anylogic.graphics3d_8.8.4.202307181718/static/build/three.js (19709)
[1018/215314.425:INFO:CONSOLE(3660)] "THREE.ColladaLoader: File version 1.4.1", source: file:///C:/Program%20Files/AnyLogic%208.8%20University/plugins/com.anylogic.graphics3d_8.8.4.202307181718/static/libs/ColladaLoader.js (3660)
[1018/215314.432:INFO:CONSOLE(255)] "Loaded: file:C:/Users/fausa/Downloads/Anylogic-Models-master/Anylogic-Models-master/Resto-Base/Resto-Base/3d/table_cafe.dae", source: file:///C:/Program%20Files/AnyLogic%208.8%20University/plugins/com.anylogic.graphics3d_8.8.4.202307181718/static/init.js (255)
[1018/215314.432:INFO:CONSOLE(271)] "load end: file:C:/Users/fausa/Downloads/Anylogic-Models-master/Anylogic-Models-master/Resto-Base/Resto-Base/3d/table_cafe.dae", source: file:///C:/Program%20Files/AnyLogic%208.8%20University/plugins/com.anylogic.graphics3d_8.8.4.202307181718/static/init.js (271)
[1018/215314.630:INFO:CONSOLE(3660)] "THREE.ColladaLoader: File version 1.4.1", source: file:///C:/Program%20Files/AnyLogic%208.8%20University/plugins/com.anylogic.graphics3d_8.8.4.202307181718/static/libs/ColladaLoader.js (3660)
[1018/215314.971:INFO:CONSOLE(255)] "Loaded: file:C:/Users/fausa/Downloads/Anylogic-Models-master/Anylogic-Models-master/Resto-Base/Resto-Base/3d/wines.dae", source: file:///C:/Program%20Files/AnyLogic%208.8%20University/plugins/com.anylogic.graphics3d_8.8.4.202307181718/static/init.js (255)
[1018/215314.973:INFO:CONSOLE(271)] "load end: file:C:/Users/fausa/Downloads/Anylogic-Models-master/Anylogic-Models-master/Resto-Base/Resto-Base/3d/wines.dae", source: file:///C:/Program%20Files/AnyLogic%208.8%20University/plugins/com.anylogic.graphics3d_8.8.4.202307181718/static/init.js (271)
[1018/215315.070:INFO:CONSOLE(19709)] "THREE.WebGLRenderer: image is not power of two (280x159). Resized to 256x128 [object HTMLImageElement]", source: file:///C:/Program%20Files/AnyLogic%208.8%20University/plugins/com.anylogic.graphics3d_8.8.4.202307181718/static/build/three.js (19709)
[1018/215315.103:INFO:CONSOLE(19709)] "THREE.WebGLRenderer: image is not power of two (910x910). Resized to 512x512 [object HTMLImageElement]", source: file:///C:/Program%20Files/AnyLogic%208.8%20University/plugins/com.anylogic.graphics3d_8.8.4.202307181718/static/build/three.js (19709)
[1018/215315.129:INFO:CONSOLE(19709)] "THREE.WebGLRenderer: image is not power of two (530x530). Resized to 512x512 [object HTMLImageElement]", source: file:///C:/Program%20Files/AnyLogic%208.8%20University/plugins/com.anylogic.graphics3d_8.8.4.202307181718/static/build/three.js (19709)
[1018/215315.391:INFO:CONSOLE(3660)] "THREE.ColladaLoader: File version 1.4.0", source: file:///C:/Program%20Files/AnyLogic%208.8%20University/plugins/com.anylogic.graphics3d_8.8.4.202307181718/static/libs/ColladaLoader.js (3660)
[1018/215315.395:INFO:CONSOLE(255)] "Loaded: file:C:/Users/fausa/Downloads/Anylogic-Models-master/Anylogic-Models-master/Resto-Base/Resto-Base/3d/locker_3.dae", source: file:///C:/Program%20Files/AnyLogic%208.8%20University/plugins/com.anylogic.graphics3d_8.8.4.202307181718/static/init.js (255)
[1018/215315.396:INFO:CONSOLE(271)] "load end: file:C:/Users/fausa/Downloads/Anylogic-Models-master/Anylogic-Models-master/Resto-Base/Resto-Base/3d/locker_3.dae", source: file:///C:/Program%20Files/AnyLogic%208.8%20University/plugins/com.anylogic.graphics3d_8.8.4.202307181718/static/init.js (271)
[1018/215315.496:INFO:CONSOLE(3660)] "THREE.ColladaLoader: File version 1.4.0", source: file:///C:/Program%20Files/AnyLogic%208.8%20University/plugins/com.anylogic.graphics3d_8.8.4.202307181718/static/libs/ColladaLoader.js (3660)
[1018/215315.497:INFO:CONSOLE(255)] "Loaded: file:C:/Users/fausa/Downloads/Anylogic-Models-master/Anylogic-Models-master/Resto-Base/Resto-Base/3d/reseption_2.dae", source: file:///C:/Program%20Files/AnyLogic%208.8%20University/plugins/com.anylogic.graphics3d_8.8.4.202307181718/static/init.js (255)
[1018/215315.497:INFO:CONSOLE(271)] "load end: file:C:/Users/fausa/Downloads/Anylogic-Models-master/Anylogic-Models-master/Resto-Base/Resto-Base/3d/reseption_2.dae", source: file:///C:/Program%20Files/AnyLogic%208.8%20University/plugins/com.anylogic.graphics3d_8.8.4.202307181718/static/init.js (271)
[1018/215315.646:INFO:CONSOLE(3660)] "THREE.ColladaLoader: File version 1.4.0", source: file:///C:/Program%20Files/AnyLogic%208.8%20University/plugins/com.anylogic.graphics3d_8.8.4.202307181718/static/libs/ColladaLoader.js (3660)
[1018/215315.648:INFO:CONSOLE(255)] "Loaded: file:C:/Users/fausa/Downloads/Anylogic-Models-master/Anylogic-Models-master/Resto-Base/Resto-Base/3d/vending_machine.dae", source: file:///C:/Program%20Files/AnyLogic%208.8%20University/plugins/com.anylogic.graphics3d_8.8.4.202307181718/static/init.js (255)
[1018/215315.648:INFO:CONSOLE(271)] "load end: file:C:/Users/fausa/Downloads/Anylogic-Models-master/Anylogic-Models-master/Resto-Base/Resto-Base/3d/vending_machine.dae", source: file:///C:/Program%20Files/AnyLogic%208.8%20University/plugins/com.anylogic.graphics3d_8.8.4.202307181718/static/init.js (271)
[1018/215315.852:INFO:CONSOLE(3660)] "THREE.ColladaLoader: File version 1.4.0", source: file:///C:/Program%20Files/AnyLogic%208.8%20University/plugins/com.anylogic.graphics3d_8.8.4.202307181718/static/libs/ColladaLoader.js (3660)
[1018/215315.856:INFO:CONSOLE(255)] "Loaded: file:C:/Users/fausa/Downloads/Anylogic-Models-master/Anylogic-Models-master/Resto-Base/Resto-Base/3d/officeworker.dae", source: file:///C:/Program%20Files/AnyLogic%208.8%20University/plugins/com.anylogic.graphics3d_8.8.4.202307181718/static/init.js (255)
[1018/215315.856:INFO:CONSOLE(271)] "load end: file:C:/Users/fausa/Downloads/Anylogic-Models-master/Anylogic-Models-master/Resto-Base/Resto-Base/3d/officeworker.dae", source: file:///C:/Program%20Files/AnyLogic%208.8%20University/plugins/com.anylogic.graphics3d_8.8.4.202307181718/static/init.js (271)
[1018/215316.426:INFO:CONSOLE(3660)] "THREE.ColladaLoader: File version 1.4.0", source: file:///C:/Program%20Files/AnyLogic%208.8%20University/plugins/com.anylogic.graphics3d_8.8.4.202307181718/static/libs/ColladaLoader.js (3660)
[1018/215316.433:INFO:CONSOLE(255)] "Loaded: file:C:/Users/fausa/Downloads/Anylogic-Models-master/Anylogic-Models-master/Resto-Base/Resto-Base/3d/person.dae", source: file:///C:/Program%20Files/AnyLogic%208.8%20University/plugins/com.anylogic.graphics3d_8.8.4.202307181718/static/init.js (255)
[1018/215316.434:INFO:CONSOLE(271)] "load end: file:C:/Users/fausa/Downloads/Anylogic-Models-master/Anylogic-Models-master/Resto-Base/Resto-Base/3d/person.dae", source: file:///C:/Program%20Files/AnyLogic%208.8%20University/plugins/com.anylogic.graphics3d_8.8.4.202307181718/static/init.js (271)
[1018/215316.459:INFO:CONSOLE(3660)] "THREE.ColladaLoader: File version 1.4.0", source: file:///C:/Program%20Files/AnyLogic%208.8%20University/plugins/com.anylogic.graphics3d_8.8.4.202307181718/static/libs/ColladaLoader.js (3660)
[1018/215316.467:INFO:CONSOLE(255)] "Loaded: file:C:/Users/fausa/Downloads/Anylogic-Models-master/Anylogic-Models-master/Resto-Base/Resto-Base/3d/person_sitting.dae", source: file:///C:/Program%20Files/AnyLogic%208.8%20University/plugins/com.anylogic.graphics3d_8.8.4.202307181718/static/init.js (255)
[1018/215316.468:INFO:CONSOLE(271)] "load end: file:C:/Users/fausa/Downloads/Anylogic-Models-master/Anylogic-Models-master/Resto-Base/Resto-Base/3d/person_sitting.dae", source: file:///C:/Program%20Files/AnyLogic%208.8%20University/plugins/com.anylogic.graphics3d_8.8.4.202307181718/static/init.js (271)
[1018/215316.496:INFO:CONSOLE(3660)] "THREE.ColladaLoader: File version 1.4.0", source: file:///C:/Program%20Files/AnyLogic%208.8%20University/plugins/com.anylogic.graphics3d_8.8.4.202307181718/static/libs/ColladaLoader.js (3660)
[1018/215316.499:INFO:CONSOLE(255)] "Loaded: file:C:/Users/fausa/Downloads/Anylogic-Models-master/Anylogic-Models-master/Resto-Base/Resto-Base/3d/chair.dae", source: file:///C:/Program%20Files/AnyLogic%208.8%20University/plugins/com.anylogic.graphics3d_8.8.4.202307181718/static/init.js (255)
[1018/215316.500:INFO:CONSOLE(271)] "load end: file:C:/Users/fausa/Downloads/Anylogic-Models-master/Anylogic-Models-master/Resto-Base/Resto-Base/3d/chair.dae", source: file:///C:/Program%20Files/AnyLogic%208.8%20University/plugins/com.anylogic.graphics3d_8.8.4.202307181718/static/init.js (271)
[1018/215316.555:INFO:CONSOLE(3660)] "THREE.ColladaLoader: File version 1.4.0", source: file:///C:/Program%20Files/AnyLogic%208.8%20University/plugins/com.anylogic.graphics3d_8.8.4.202307181718/static/libs/ColladaLoader.js (3660)
[1018/215316.575:INFO:CONSOLE(255)] "Loaded: file:C:/Users/fausa/Downloads/Anylogic-Models-master/Anylogic-Models-master/Resto-Base/Resto-Base/3d/woman_2.dae", source: file:///C:/Program%20Files/AnyLogic%208.8%20University/plugins/com.anylogic.graphics3d_8.8.4.202307181718/static/init.js (255)
[1018/215316.575:INFO:CONSOLE(271)] "load end: file:C:/Users/fausa/Downloads/Anylogic-Models-master/Anylogic-Models-master/Resto-Base/Resto-Base/3d/woman_2.dae", source: file:///C:/Program%20Files/AnyLogic%208.8%20University/plugins/com.anylogic.graphics3d_8.8.4.202307181718/static/init.js (271)
[1018/215512.969:ERROR:gpu_init.cc(523)] Passthrough is not supported, GL is disabled, ANGLE is 
[1018/221834.362:ERROR:component_installer.cc(298)] Failed to verify installation for Widevine Content Decryption Module (C:\Users\fausa\AppData\Local\CEF\User Data\WidevineCdm\4.10.2557.0).: El sistema no puede encontrar la ruta especificada. (0x3)
[1018/221835.919:INFO:CONSOLE(21172)] "THREE.WebGLRenderer 92", source: file:///C:/Program%20Files/AnyLogic%208.8%20University/plugins/com.anylogic.graphics3d_8.8.4.202307181718/static/build/three.js (21172)
[1018/221836.840:INFO:CONSOLE(3660)] "THREE.ColladaLoader: File version 1.4.1", source: file:///C:/Program%20Files/AnyLogic%208.8%20University/plugins/com.anylogic.graphics3d_8.8.4.202307181718/static/libs/ColladaLoader.js (3660)
[1018/221837.084:INFO:CONSOLE(255)] "Loaded: file:C:/Users/fausa/Downloads/Anylogic-Models-master/Anylogic-Models-master/Resto-Alternativa1/Resto-Alternativa1/3d/sombrilla2.dae", source: file:///C:/Program%20Files/AnyLogic%208.8%20University/plugins/com.anylogic.graphics3d_8.8.4.202307181718/static/init.js (255)
[1018/221837.086:INFO:CONSOLE(271)] "load end: file:C:/Users/fausa/Downloads/Anylogic-Models-master/Anylogic-Models-master/Resto-Alternativa1/Resto-Alternativa1/3d/sombrilla2.dae", source: file:///C:/Program%20Files/AnyLogic%208.8%20University/plugins/com.anylogic.graphics3d_8.8.4.202307181718/static/init.js (271)
[1018/221837.307:INFO:CONSOLE(19709)] "THREE.WebGLRenderer: image is not power of two (690x500). Resized to 512x256 [object HTMLImageElement]", source: file:///C:/Program%20Files/AnyLogic%208.8%20University/plugins/com.anylogic.graphics3d_8.8.4.202307181718/static/build/three.js (19709)
[1018/221837.395:INFO:CONSOLE(3660)] "THREE.ColladaLoader: File version 1.4.1", source: file:///C:/Program%20Files/AnyLogic%208.8%20University/plugins/com.anylogic.graphics3d_8.8.4.202307181718/static/libs/ColladaLoader.js (3660)
[1018/221837.402:INFO:CONSOLE(255)] "Loaded: file:C:/Users/fausa/Downloads/Anylogic-Models-master/Anylogic-Models-master/Resto-Alternativa1/Resto-Alternativa1/3d/table_cafe.dae", source: file:///C:/Program%20Files/AnyLogic%208.8%20University/plugins/com.anylogic.graphics3d_8.8.4.202307181718/static/init.js (255)
[1018/221837.402:INFO:CONSOLE(271)] "load end: file:C:/Users/fausa/Downloads/Anylogic-Models-master/Anylogic-Models-master/Resto-Alternativa1/Resto-Alternativa1/3d/table_cafe.dae", source: file:///C:/Program%20Files/AnyLogic%208.8%20University/plugins/com.anylogic.graphics3d_8.8.4.202307181718/static/init.js (271)
[1018/221837.593:INFO:CONSOLE(3660)] "THREE.ColladaLoader: File version 1.4.1", source: file:///C:/Program%20Files/AnyLogic%208.8%20University/plugins/com.anylogic.graphics3d_8.8.4.202307181718/static/libs/ColladaLoader.js (3660)
[1018/221837.946:INFO:CONSOLE(255)] "Loaded: file:C:/Users/fausa/Downloads/Anylogic-Models-master/Anylogic-Models-master/Resto-Alternativa1/Resto-Alternativa1/3d/wines.dae", source: file:///C:/Program%20Files/AnyLogic%208.8%20University/plugins/com.anylogic.graphics3d_8.8.4.202307181718/static/init.js (255)
[1018/221837.947:INFO:CONSOLE(271)] "load end: file:C:/Users/fausa/Downloads/Anylogic-Models-master/Anylogic-Models-master/Resto-Alternativa1/Resto-Alternativa1/3d/wines.dae", source: file:///C:/Program%20Files/AnyLogic%208.8%20University/plugins/com.anylogic.graphics3d_8.8.4.202307181718/static/init.js (271)
[1018/221838.043:INFO:CONSOLE(19709)] "THREE.WebGLRenderer: image is not power of two (280x159). Resized to 256x128 [object HTMLImageElement]", source: file:///C:/Program%20Files/AnyLogic%208.8%20University/plugins/com.anylogic.graphics3d_8.8.4.202307181718/static/build/three.js (19709)
[1018/221838.075:INFO:CONSOLE(19709)] "THREE.WebGLRenderer: image is not power of two (910x910). Resized to 512x512 [object HTMLImageElement]", source: file:///C:/Program%20Files/AnyLogic%208.8%20University/plugins/com.anylogic.graphics3d_8.8.4.202307181718/static/build/three.js (19709)
[1018/221838.102:INFO:CONSOLE(19709)] "THREE.WebGLRenderer: image is not power of two (530x530). Resized to 512x512 [object HTMLImageElement]", source: file:///C:/Program%20Files/AnyLogic%208.8%20University/plugins/com.anylogic.graphics3d_8.8.4.202307181718/static/build/three.js (19709)
[1018/221838.399:INFO:CONSOLE(3660)] "THREE.ColladaLoader: File version 1.4.0", source: file:///C:/Program%20Files/AnyLogic%208.8%20University/plugins/com.anylogic.graphics3d_8.8.4.202307181718/static/libs/ColladaLoader.js (3660)
[1018/221838.403:INFO:CONSOLE(255)] "Loaded: file:C:/Users/fausa/Downloads/Anylogic-Models-master/Anylogic-Models-master/Resto-Alternativa1/Resto-Alternativa1/3d/locker_3.dae", source: file:///C:/Program%20Files/AnyLogic%208.8%20University/plugins/com.anylogic.graphics3d_8.8.4.202307181718/static/init.js (255)
[1018/221838.403:INFO:CONSOLE(271)] "load end: file:C:/Users/fausa/Downloads/Anylogic-Models-master/Anylogic-Models-master/Resto-Alternativa1/Resto-Alternativa1/3d/locker_3.dae", source: file:///C:/Program%20Files/AnyLogic%208.8%20University/plugins/com.anylogic.graphics3d_8.8.4.202307181718/static/init.js (271)
[1018/221838.465:INFO:CONSOLE(3660)] "THREE.ColladaLoader: File version 1.4.0", source: file:///C:/Program%20Files/AnyLogic%208.8%20University/plugins/com.anylogic.graphics3d_8.8.4.202307181718/static/libs/ColladaLoader.js (3660)
[1018/221838.467:INFO:CONSOLE(255)] "Loaded: file:C:/Users/fausa/Downloads/Anylogic-Models-master/Anylogic-Models-master/Resto-Alternativa1/Resto-Alternativa1/3d/reseption_2.dae", source: file:///C:/Program%20Files/AnyLogic%208.8%20University/plugins/com.anylogic.graphics3d_8.8.4.202307181718/static/init.js (255)
[1018/221838.467:INFO:CONSOLE(271)] "load end: file:C:/Users/fausa/Downloads/Anylogic-Models-master/Anylogic-Models-master/Resto-Alternativa1/Resto-Alternativa1/3d/reseption_2.dae", source: file:///C:/Program%20Files/AnyLogic%208.8%20University/plugins/com.anylogic.graphics3d_8.8.4.202307181718/static/init.js (271)
[1018/221838.574:INFO:CONSOLE(3660)] "THREE.ColladaLoader: File version 1.4.0", source: file:///C:/Program%20Files/AnyLogic%208.8%20University/plugins/com.anylogic.graphics3d_8.8.4.202307181718/static/libs/ColladaLoader.js (3660)
[1018/221838.577:INFO:CONSOLE(255)] "Loaded: file:C:/Users/fausa/Downloads/Anylogic-Models-master/Anylogic-Models-master/Resto-Alternativa1/Resto-Alternativa1/3d/vending_machine.dae", source: file:///C:/Program%20Files/AnyLogic%208.8%20University/plugins/com.anylogic.graphics3d_8.8.4.202307181718/static/init.js (255)
[1018/221838.577:INFO:CONSOLE(271)] "load end: file:C:/Users/fausa/Downloads/Anylogic-Models-master/Anylogic-Models-master/Resto-Alternativa1/Resto-Alternativa1/3d/vending_machine.dae", source: file:///C:/Program%20Files/AnyLogic%208.8%20University/plugins/com.anylogic.graphics3d_8.8.4.202307181718/static/init.js (271)
[1018/221838.695:INFO:CONSOLE(3660)] "THREE.ColladaLoader: File version 1.4.0", source: file:///C:/Program%20Files/AnyLogic%208.8%20University/plugins/com.anylogic.graphics3d_8.8.4.202307181718/static/libs/ColladaLoader.js (3660)
[1018/221838.699:INFO:CONSOLE(255)] "Loaded: file:C:/Users/fausa/Downloads/Anylogic-Models-master/Anylogic-Models-master/Resto-Alternativa1/Resto-Alternativa1/3d/officeworker.dae", source: file:///C:/Program%20Files/AnyLogic%208.8%20University/plugins/com.anylogic.graphics3d_8.8.4.202307181718/static/init.js (255)
[1018/221838.699:INFO:CONSOLE(271)] "load end: file:C:/Users/fausa/Downloads/Anylogic-Models-master/Anylogic-Models-master/Resto-Alternativa1/Resto-Alternativa1/3d/officeworker.dae", source: file:///C:/Program%20Files/AnyLogic%208.8%20University/plugins/com.anylogic.graphics3d_8.8.4.202307181718/static/init.js (271)
[1018/221838.756:INFO:CONSOLE(3660)] "THREE.ColladaLoader: File version 1.4.0", source: file:///C:/Program%20Files/AnyLogic%208.8%20University/plugins/com.anylogic.graphics3d_8.8.4.202307181718/static/libs/ColladaLoader.js (3660)
[1018/221838.769:INFO:CONSOLE(255)] "Loaded: file:C:/Users/fausa/Downloads/Anylogic-Models-master/Anylogic-Models-master/Resto-Alternativa1/Resto-Alternativa1/3d/person.dae", source: file:///C:/Program%20Files/AnyLogic%208.8%20University/plugins/com.anylogic.graphics3d_8.8.4.202307181718/static/init.js (255)
[1018/221838.769:INFO:CONSOLE(271)] "load end: file:C:/Users/fausa/Downloads/Anylogic-Models-master/Anylogic-Models-master/Resto-Alternativa1/Resto-Alternativa1/3d/person.dae", source: file:///C:/Program%20Files/AnyLogic%208.8%20University/plugins/com.anylogic.graphics3d_8.8.4.202307181718/static/init.js (271)
[1018/221838.795:INFO:CONSOLE(3660)] "THREE.ColladaLoader: File version 1.4.0", source: file:///C:/Program%20Files/AnyLogic%208.8%20University/plugins/com.anylogic.graphics3d_8.8.4.202307181718/static/libs/ColladaLoader.js (3660)
[1018/221838.806:INFO:CONSOLE(255)] "Loaded: file:C:/Users/fausa/Downloads/Anylogic-Models-master/Anylogic-Models-master/Resto-Alternativa1/Resto-Alternativa1/3d/person_sitting.dae", source: file:///C:/Program%20Files/AnyLogic%208.8%20University/plugins/com.anylogic.graphics3d_8.8.4.202307181718/static/init.js (255)
[1018/221838.806:INFO:CONSOLE(271)] "load end: file:C:/Users/fausa/Downloads/Anylogic-Models-master/Anylogic-Models-master/Resto-Alternativa1/Resto-Alternativa1/3d/person_sitting.dae", source: file:///C:/Program%20Files/AnyLogic%208.8%20University/plugins/com.anylogic.graphics3d_8.8.4.202307181718/static/init.js (271)
[1018/221838.835:INFO:CONSOLE(3660)] "THREE.ColladaLoader: File version 1.4.0", source: file:///C:/Program%20Files/AnyLogic%208.8%20University/plugins/com.anylogic.graphics3d_8.8.4.202307181718/static/libs/ColladaLoader.js (3660)
[1018/221838.838:INFO:CONSOLE(255)] "Loaded: file:C:/Users/fausa/Downloads/Anylogic-Models-master/Anylogic-Models-master/Resto-Alternativa1/Resto-Alternativa1/3d/chair.dae", source: file:///C:/Program%20Files/AnyLogic%208.8%20University/plugins/com.anylogic.graphics3d_8.8.4.202307181718/static/init.js (255)
[1018/221838.838:INFO:CONSOLE(271)] "load end: file:C:/Users/fausa/Downloads/Anylogic-Models-master/Anylogic-Models-master/Resto-Alternativa1/Resto-Alternativa1/3d/chair.dae", source: file:///C:/Program%20Files/AnyLogic%208.8%20University/plugins/com.anylogic.graphics3d_8.8.4.202307181718/static/init.js (271)
[1018/221838.878:INFO:CONSOLE(3660)] "THREE.ColladaLoader: File version 1.4.0", source: file:///C:/Program%20Files/AnyLogic%208.8%20University/plugins/com.anylogic.graphics3d_8.8.4.202307181718/static/libs/ColladaLoader.js (3660)
[1018/221838.900:INFO:CONSOLE(255)] "Loaded: file:C:/Users/fausa/Downloads/Anylogic-Models-master/Anylogic-Models-master/Resto-Alternativa1/Resto-Alternativa1/3d/woman_2.dae", source: file:///C:/Program%20Files/AnyLogic%208.8%20University/plugins/com.anylogic.graphics3d_8.8.4.202307181718/static/init.js (255)
[1018/221838.900:INFO:CONSOLE(271)] "load end: file:C:/Users/fausa/Downloads/Anylogic-Models-master/Anylogic-Models-master/Resto-Alternativa1/Resto-Alternativa1/3d/woman_2.dae", source: file:///C:/Program%20Files/AnyLogic%208.8%20University/plugins/com.anylogic.graphics3d_8.8.4.202307181718/static/init.js (271)
[1018/222035.901:ERROR:gpu_init.cc(523)] Passthrough is not supported, GL is disabled, ANGLE is 
